[Thursday, March 06, 2025] [02:20 AM]

Logging in...
Logged in successfully.
Fetching IPOs...
Fetched IPOs successfully.
Sending Telegram update...
New IPO found: 7.50% Everest Bank Limited Debenture, 2091
Telegram update sent successfully.
IPOs saved to file.

-----------------------------------------------------------------------------------------------------------------------

[Thursday, March 06, 2025] [02:21 AM]

Logging in...
Logged in successfully.
Fetching IPOs...
Fetched IPOs successfully.
No new IPOs found.

-----------------------------------------------------------------------------------------------------------------------

[Thursday, March 06, 2025] [02:21 AM]

Logging in...
Logged in successfully.
Fetching IPOs...
Fetched IPOs successfully.
Sending Telegram update...
New IPO found: 7.50% Everest Bank Limited Debenture, 2091
Telegram update sent successfully.
IPOs saved to file.

-----------------------------------------------------------------------------------------------------------------------

[Thursday, March 06, 2025] [02:21 AM]

Logging in...
Logged in successfully.
Fetching IPOs...
Fetched IPOs successfully.
Sending Telegram update...
New IPO found: 7.50% Everest Bank Limited Debenture, 2091
Telegram update sent successfully.
IPOs saved to file.

-----------------------------------------------------------------------------------------------------------------------

[Thursday, March 06, 2025] [02:23 AM]

Logging in...
Logged in successfully.
Fetching IPOs...
Fetched IPOs successfully.
Sending Telegram update...
New IPO found: 7.50% Everest Bank Limited Debenture, 2091
Telegram update sent successfully.
IPOs saved to file.

-----------------------------------------------------------------------------------------------------------------------

[Thursday, March 06, 2025] [02:24 AM]

Logging in...
Logged in successfully.
Fetching IPOs...
Fetched IPOs successfully.
No new IPOs found.

-----------------------------------------------------------------------------------------------------------------------

[Thursday, March 06, 2025] [02:24 AM]

Logging in...
Error occured, reported to admin.

-----------------------------------------------------------------------------------------------------------------------

[Thursday, March 06, 2025] [02:24 AM]

Logging in...
Logged in successfully.
Fetching IPOs...
Fetched IPOs successfully.
Sending Telegram update...
New IPO found: 7.50% Everest Bank Limited Debenture, 2091
Telegram update sent successfully.
IPOs saved to file.

-----------------------------------------------------------------------------------------------------------------------

[Thursday, March 06, 2025] [02:26 AM]

Logging in...
Logged in successfully.
Fetching IPOs...
Fetched IPOs successfully.
Sending Telegram update...
New IPO found: 7.50% Everest Bank Limited Debenture, 2091
Telegram update sent successfully.
IPOs saved to file.

-----------------------------------------------------------------------------------------------------------------------

[Thursday, March 06, 2025] [02:27 AM]

Logging in...
Logged in successfully.
Fetching IPOs...
Fetched IPOs successfully.
Sending Telegram update...
New IPO found: 7.50% Everest Bank Limited Debenture, 2091
Telegram update sent successfully.
IPOs saved to file.

-----------------------------------------------------------------------------------------------------------------------

